  dc.c
  debugPrint.c
  os345.c
  os345fat.c
  os345interrupts.c
  os345lc3.c
  os345mmu.c
C:\Users\Dat Vu\source\repos\os345\OS345\os345mmu.c(82,19): warning C4101:  'rpte2': unreferenced local variable
C:\Users\Dat Vu\source\repos\os345\OS345\os345mmu.c(81,21): warning C4101:  'pa': unreferenced local variable
C:\Users\Dat Vu\source\repos\os345\OS345\os345mmu.c(83,19): warning C4101:  'upte2': unreferenced local variable
C:\Users\Dat Vu\source\repos\os345\OS345\os345mmu.c(83,12): warning C4101:  'upte1': unreferenced local variable
C:\Users\Dat Vu\source\repos\os345\OS345\os345mmu.c(83,6): warning C4101:  'upta': unreferenced local variable
C:\Users\Dat Vu\source\repos\os345\OS345\os345mmu.c(82,12): warning C4101:  'rpte1': unreferenced local variable
C:\Users\Dat Vu\source\repos\os345\OS345\os345mmu.c(84,6): warning C4101:  'rptFrame': unreferenced local variable
C:\Users\Dat Vu\source\repos\os345\OS345\os345mmu.c(84,16): warning C4101:  'uptFrame': unreferenced local variable
  os345p1.c
  os345p2.c
C:\Users\Dat Vu\source\repos\os345\OS345\os345mmu.c(82,6): warning C4101:  'rpta': unreferenced local variable
  os345p3.c
C:\Users\Dat Vu\source\repos\os345\OS345\os345p2.c(114,6): warning C4101:  'i': unreferenced local variable
C:\Users\Dat Vu\source\repos\os345\OS345\os345park.h(21,1): warning C4005:  'ParkDebug': macro redefinition
  os345p4.c
C:\Users\Dat Vu\source\repos\os345\OS345\os345park.h(20): message :  see previous definition of 'ParkDebug'
C:\Users\Dat Vu\source\repos\os345\OS345\os345p4.c(321,41): warning C4101:  'upte2': unreferenced local variable
  os345p5.c
  os345p6.c
C:\Users\Dat Vu\source\repos\os345\OS345\os345p4.c(321,34): warning C4101:  'upte1': unreferenced local variable
C:\Users\Dat Vu\source\repos\os345\OS345\os345p6.c(664,22): warning C4244:  '=': conversion from 'double' to 'int', possible loss of data
C:\Users\Dat Vu\source\repos\os345\OS345\os345p6.c(1355,6): warning C4101:  'error': unreferenced local variable
  os345park.c
C:\Users\Dat Vu\source\repos\os345\OS345\os345p6.c(1458,13): warning C4101:  'fileID': unreferenced local variable
C:\Users\Dat Vu\source\repos\os345\OS345\os345park.h(21,1): warning C4005:  'ParkDebug': macro redefinition
  os345semaphores.c
C:\Users\Dat Vu\source\repos\os345\OS345\os345park.h(20): message :  see previous definition of 'ParkDebug'
  os345signals.c
  os345tasks.c
C:\Users\Dat Vu\source\repos\os345\OS345\os345semaphores.c(45,6): warning C4101:  'i': unreferenced local variable
  pq.c
  Generating Code...
C:\Users\Dat Vu\source\repos\os345\OS345\os345tasks.c(100,7): warning C4013:  'put' undefined; assuming extern returning int
C:\Users\Dat Vu\source\repos\os345\OS345\os345tasks.c(100,7): warning C4013: C:\Users\Dat Vu\source\repos\os345\OS345\pq.c(203) : warning C4716: 'block': must return a value
  OS345.vcxproj -> C:\Users\Dat Vu\source\repos\os345\Debug\OS345.exe
